  SanchezBautistaAlanUlises_ProyectoFinal_GPO4.cpp
C:\Users\Alan\Desktop\Proyecto\Practica1\SanchezBautistaAlanUlises_ProyectoFinal_GPO4.cpp(74,22): warning C4305: 'inicializando': truncamiento de 'double' a 'float'
C:\Users\Alan\Desktop\Proyecto\Practica1\SanchezBautistaAlanUlises_ProyectoFinal_GPO4.cpp(92,22): warning C4305: 'inicializando': truncamiento de 'double' a 'float'
C:\Users\Alan\Desktop\Proyecto\Practica1\SanchezBautistaAlanUlises_ProyectoFinal_GPO4.cpp(390,24): warning C4244: 'inicializando': conversión de 'double' a 'GLfloat'; posible pérdida de datos
C:\Users\Alan\Desktop\Proyecto\Practica1\SanchezBautistaAlanUlises_ProyectoFinal_GPO4.cpp(977,11): warning C4244: '=': conversión de 'double' a 'GLfloat'; posible pérdida de datos
C:\Users\Alan\Desktop\Proyecto\Practica1\SanchezBautistaAlanUlises_ProyectoFinal_GPO4.cpp(978,11): warning C4244: '=': conversión de 'double' a 'GLfloat'; posible pérdida de datos
C:\Users\Alan\Desktop\Proyecto\Practica1\SanchezBautistaAlanUlises_ProyectoFinal_GPO4.cpp(982,18): warning C4244: 'inicializando': conversión de 'double' a 'GLfloat'; posible pérdida de datos
C:\Users\Alan\Desktop\Proyecto\Practica1\SanchezBautistaAlanUlises_ProyectoFinal_GPO4.cpp(983,18): warning C4244: 'inicializando': conversión de 'double' a 'GLfloat'; posible pérdida de datos
C:\Users\Alan\Desktop\Proyecto\Practica1\SanchezBautistaAlanUlises_ProyectoFinal_GPO4.cpp(985,10): warning C4244: '=': conversión de 'double' a 'GLfloat'; posible pérdida de datos
C:\Users\Alan\Desktop\Proyecto\Practica1\SanchezBautistaAlanUlises_ProyectoFinal_GPO4.cpp(986,10): warning C4244: '=': conversión de 'double' a 'GLfloat'; posible pérdida de datos
C:\Users\Alan\Desktop\Proyecto\Practica1\SanchezBautistaAlanUlises_ProyectoFinal_GPO4.cpp(1075,18): warning C4305: '=': truncamiento de 'double' a 'float'
C:\Users\Alan\Desktop\Proyecto\Practica1\SanchezBautistaAlanUlises_ProyectoFinal_GPO4.cpp(1093,18): warning C4305: '=': truncamiento de 'double' a 'float'
soil2-debug.lib(SOIL2.obj) : warning LNK4075: se omite '/EDITANDCONTINUE' debido a la especificación '/OPT:ICF'
LINK : warning LNK4098: la biblioteca predeterminada'MSVCRTD' entra en conflicto con otras bibliotecas; use la biblioteca /NODEFAULTLIB:biblioteca
  Generando código
  Previous IPDB not found, fall back to full compilation.
  All 640 functions were compiled because no usable IPDB/IOBJ from previous compilation was found.
  Generación de código finalizada
soil2-debug.lib(etc1_utils.obj) : warning LNK4099: no se encontró PDB 'soil2-debug.pdb' con 'soil2-debug.lib(etc1_utils.obj)' o en 'C:\Users\Alan\Desktop\Proyecto\Release\soil2-debug.pdb'; se vinculará el objeto sin tener en cuenta información de depuración
soil2-debug.lib(image_DXT.obj) : warning LNK4099: no se encontró PDB 'soil2-debug.pdb' con 'soil2-debug.lib(image_DXT.obj)' o en 'C:\Users\Alan\Desktop\Proyecto\Release\soil2-debug.pdb'; se vinculará el objeto sin tener en cuenta información de depuración
soil2-debug.lib(image_helper.obj) : warning LNK4099: no se encontró PDB 'soil2-debug.pdb' con 'soil2-debug.lib(image_helper.obj)' o en 'C:\Users\Alan\Desktop\Proyecto\Release\soil2-debug.pdb'; se vinculará el objeto sin tener en cuenta información de depuración
soil2-debug.lib(SOIL2.obj) : warning LNK4099: no se encontró PDB 'soil2-debug.pdb' con 'soil2-debug.lib(SOIL2.obj)' o en 'C:\Users\Alan\Desktop\Proyecto\Release\soil2-debug.pdb'; se vinculará el objeto sin tener en cuenta información de depuración
  Practica1.vcxproj -> C:\Users\Alan\Desktop\Proyecto\Release\SanchezBautistaAlanUlises_ProyectoFinal_GPO4.exe
